This is pdfTeX, Version 3.14159265-2.6-1.40.19 (TeX Live 2018) (preloaded format=pdflatex 2018.10.6)  14 OCT 2018 16:39
entering extended mode
 restricted \write18 enabled.
 %&-line parsing enabled.
**HW2.tex
(./HW2.tex
LaTeX2e <2018-04-01> patch level 2
Babel <3.18> and hyphenation patterns for 84 language(s) loaded.
(/usr/local/texlive/2018/texmf-dist/tex/latex/base/article.cls
Document Class: article 2014/09/29 v1.4h Standard LaTeX document class
(/usr/local/texlive/2018/texmf-dist/tex/latex/base/size11.clo
File: size11.clo 2014/09/29 v1.4h Standard LaTeX file (size option)
)
\c@part=\count80
\c@section=\count81
\c@subsection=\count82
\c@subsubsection=\count83
\c@paragraph=\count84
\c@subparagraph=\count85
\c@figure=\count86
\c@table=\count87
\abovecaptionskip=\skip41
\belowcaptionskip=\skip42
\bibindent=\dimen102
)
(/usr/local/texlive/2018/texmf-dist/tex/latex/preprint/fullpage.sty
Package: fullpage 1999/02/23 1.1 (PWD)
\FP@margin=\skip43
)
(/usr/local/texlive/2018/texmf-dist/tex/latex/amsmath/amsmath.sty
Package: amsmath 2017/09/02 v2.17a AMS math features
\@mathmargin=\skip44

For additional information on amsmath, use the `?' option.
(/usr/local/texlive/2018/texmf-dist/tex/latex/amsmath/amstext.sty
Package: amstext 2000/06/29 v2.01 AMS text

(/usr/local/texlive/2018/texmf-dist/tex/latex/amsmath/amsgen.sty
File: amsgen.sty 1999/11/30 v2.0 generic functions
\@emptytoks=\toks14
\ex@=\dimen103
))
(/usr/local/texlive/2018/texmf-dist/tex/latex/amsmath/amsbsy.sty
Package: amsbsy 1999/11/29 v1.2d Bold Symbols
\pmbraise@=\dimen104
)
(/usr/local/texlive/2018/texmf-dist/tex/latex/amsmath/amsopn.sty
Package: amsopn 2016/03/08 v2.02 operator names
)
\inf@bad=\count88
LaTeX Info: Redefining \frac on input line 213.
\uproot@=\count89
\leftroot@=\count90
LaTeX Info: Redefining \overline on input line 375.
\classnum@=\count91
\DOTSCASE@=\count92
LaTeX Info: Redefining \ldots on input line 472.
LaTeX Info: Redefining \dots on input line 475.
LaTeX Info: Redefining \cdots on input line 596.
\Mathstrutbox@=\box26
\strutbox@=\box27
\big@size=\dimen105
LaTeX Font Info:    Redeclaring font encoding OML on input line 712.
LaTeX Font Info:    Redeclaring font encoding OMS on input line 713.
\macc@depth=\count93
\c@MaxMatrixCols=\count94
\dotsspace@=\muskip10
\c@parentequation=\count95
\dspbrk@lvl=\count96
\tag@help=\toks15
\row@=\count97
\column@=\count98
\maxfields@=\count99
\andhelp@=\toks16
\eqnshift@=\dimen106
\alignsep@=\dimen107
\tagshift@=\dimen108
\tagwidth@=\dimen109
\totwidth@=\dimen110
\lineht@=\dimen111
\@envbody=\toks17
\multlinegap=\skip45
\multlinetaggap=\skip46
\mathdisplay@stack=\toks18
LaTeX Info: Redefining \[ on input line 2817.
LaTeX Info: Redefining \] on input line 2818.
)
(/usr/local/texlive/2018/texmf-dist/tex/latex/url/url.sty
\Urlmuskip=\muskip11
Package: url 2013/09/16  ver 3.4  Verb mode for urls, etc.
)
(/usr/local/texlive/2018/texmf-dist/tex/latex/tools/indentfirst.sty
Package: indentfirst 1995/11/23 v1.03 Indent first paragraph (DPC)
) (./HW2.aux)
\openout1 = `HW2.aux'.

LaTeX Font Info:    Checking defaults for OML/cmm/m/it on input line 10.
LaTeX Font Info:    ... okay on input line 10.
LaTeX Font Info:    Checking defaults for T1/cmr/m/n on input line 10.
LaTeX Font Info:    ... okay on input line 10.
LaTeX Font Info:    Checking defaults for OT1/cmr/m/n on input line 10.
LaTeX Font Info:    ... okay on input line 10.
LaTeX Font Info:    Checking defaults for OMS/cmsy/m/n on input line 10.
LaTeX Font Info:    ... okay on input line 10.
LaTeX Font Info:    Checking defaults for OMX/cmex/m/n on input line 10.
LaTeX Font Info:    ... okay on input line 10.
LaTeX Font Info:    Checking defaults for U/cmr/m/n on input line 10.
LaTeX Font Info:    ... okay on input line 10.

Underfull \hbox (badness 1237) in paragraph at lines 17--18
\OT1/cmr/m/n/10.95 It was cre-ated in 1983 by Leslie Lam-port.
 []


Overfull \hbox (9.73532pt too wide) in paragraph at lines 28--29
[]\OT1/cmr/bx/n/10.95 Syntax\OT1/cmr/m/n/10.95 : [][]\OT1/cmtt/m/n/10.95 \docum
entclass[options]{class} 
 []


Overfull \hbox (8.08528pt too wide) in paragraph at lines 30--31
[]\OT1/cmr/bx/n/10.95 Example\OT1/cmr/m/n/10.95 : [][]\OT1/cmtt/m/n/10.95 \docu
mentclass[10pt]{report} 
 []

LaTeX Font Info:    Try loading font information for OMS+cmr on input line 34.
(/usr/local/texlive/2018/texmf-dist/tex/latex/base/omscmr.fd
File: omscmr.fd 2014/09/29 v2.5h Standard LaTeX font definitions
)
LaTeX Font Info:    Font shape `OMS/cmr/m/n' in size <10.95> not available
(Font)              Font shape `OMS/cmsy/m/n' tried instead on input line 34.

Underfull \hbox (badness 6461) in paragraph at lines 39--40
[]$[]$\OT1/cmr/m/n/10.95 :- The in-for-ma-tion that is
 []

[1{/usr/local/texlive/2018/texmf-var/fonts/map/pdftex/updmap/pdftex.map}


]
Underfull \hbox (badness 10000) in paragraph at lines 92--93
[]$[]$\OT1/cmr/m/n/10.95 :- The ams-math
 []


Underfull \hbox (badness 1502) in paragraph at lines 99--100
[][]\OT1/cmtt/m/n/10.95 $$...$$[]\OT1/cmr/m/n/10.95 . \OT1/cmr/bx/n/10.95 Ex-am
-ple\OT1/cmr/m/n/10.95 : [][]\OT1/cmtt/m/n/10.95 $$5*2=10$$
 []


Overfull \hbox (3.11226pt too wide) in paragraph at lines 102--104
[][]\OT1/cmtt/m/n/10.95 \begin{equation}..\end{equation}[]\OT1/cmr/m/n/10.95 .
 []


Underfull \hbox (badness 10000) in paragraph at lines 110--112
[]\OT1/cmr/m/n/10.95 -If you want to write a se-
 []


Underfull \hbox (badness 7379) in paragraph at lines 110--112
\OT1/cmr/m/n/10.95 ries of equa-tions then you use,
 []


Overfull \hbox (8.86095pt too wide) in paragraph at lines 110--112
[][]\OT1/cmtt/m/n/10.95 \begin{eqnarray}...\end{eqnarray}[]\OT1/cmr/m/n/10.95 .

 []


Underfull \hbox (badness 1418) in paragraph at lines 128--129
[]\OT1/cmr/m/n/10.95 Powers are in-serted us-ing [][]\OT1/cmtt/m/n/10.95 '^'[]\
OT1/cmr/m/n/10.95 .
 []


Underfull \hbox (badness 10000) in paragraph at lines 140--141
\OT1/cmr/bx/n/10.95 Example\OT1/cmr/m/n/10.95 :[][]\OT1/cmtt/m/n/10.95 $$\sqrt[
2]{x^2}$$
 []

[2]
Underfull \hbox (badness 10000) in paragraph at lines 147--148
[]\OT1/cmr/bx/n/10.95 Integral Ex\OT1/cmr/m/n/10.95 :[][]\OT1/cmtt/m/n/10.95 $\
int_x^y f(a)$
 []


Underfull \hbox (badness 10000) in paragraph at lines 190--191
\OT1/cmr/m/n/10.95 The "2" within the sec-
 []


Underfull \hbox (badness 10000) in paragraph at lines 190--191
\OT1/cmr/m/n/10.95 ond curly bracket of
 []


Underfull \hbox (badness 10000) in paragraph at lines 190--191
[][]\OT1/cmtt/m/n/10.95 \begin{thebibliography}{2}
 []


Underfull \hbox (badness 10000) in paragraph at lines 190--191
[]\OT1/cmr/m/n/10.95 repres-nts the num-ber of en-tries
 []


Overfull \hbox (28.81403pt too wide) in paragraph at lines 203--203
 []\OT1/cmtt/m/n/10.95 Author = {Birx,R.B. and Beck,X.Y,..},[] 
 []


Underfull \hbox (badness 10000) in paragraph at lines 204--208
\OT1/cmr/m/n/10.95 To in-sert the bib-li-og-ra-phy,
 []


Underfull \hbox (badness 10000) in paragraph at lines 204--208
\OT1/cmr/m/n/10.95 you need to in-clude the line
 []


Underfull \hbox (badness 10000) in paragraph at lines 204--208
[][]\OT1/cmtt/m/n/10.95 \bibliography{doc1,...} []\OT1/cmr/m/n/10.95 The
 []


Underfull \hbox (badness 2237) in paragraph at lines 204--208
[][]\OT1/cmtt/m/n/10.95 \bibliography []\OT1/cmr/m/n/10.95 com-mand will pro-
 []


Underfull \hbox (badness 2229) in paragraph at lines 204--208
\OT1/cmr/m/n/10.95 duced the bib-li-og-ra-phy. The ar-
 []


Underfull \hbox (badness 2334) in paragraph at lines 204--208
\OT1/cmr/m/n/10.95 gu-ments in-side the [][]\OT1/cmtt/m/n/10.95 \bibliography
 []

[3]
Overfull \hbox (1.27962pt too wide) in paragraph at lines 220--221
[]\OT1/cmr/bx/n/10.95 Syntax\OT1/cmr/m/n/10.95 : [][]\OT1/cmtt/m/n/10.95 cite{c
ite1,cite2,cite3,....}[]\OT1/cmr/m/n/10.95 . 
 []


Underfull \hbox (badness 3525) in paragraph at lines 230--232
[]\OT1/cmr/m/n/10.95 You can ei-ther use the color or
 []


Underfull \hbox (badness 3168) in paragraph at lines 230--232
\OT1/cmr/m/n/10.95 xcolor pack-age. Both the pack-
 []


Underfull \hbox (badness 4096) in paragraph at lines 230--232
\OT1/cmr/m/n/10.95 ages pro-vide com-mon col-ors, but
 []


Underfull \hbox (badness 2837) in paragraph at lines 230--232
\OT1/cmr/m/n/10.95 the xcolor is the widely used as
 []


Overfull \hbox (74.06616pt too wide) in paragraph at lines 235--236
[]\OT1/cmr/bx/n/10.95 Syntax\OT1/cmr/m/n/10.95 : [][]\OT1/cmtt/m/n/10.95 \defin
ecolor{name}{model}{color-spec} 
 []


Overfull \hbox (50.91173pt too wide) in paragraph at lines 237--238
[]\OT1/cmr/bx/n/10.95 Example\OT1/cmr/m/n/10.95 :[][]\OT1/cmtt/m/n/10.95 \defin
ecolor{silver}{rgb}{1,0,0} 
 []


Overfull \hbox (48.3644pt too wide) in paragraph at lines 241--242
[]\OT1/cmr/bx/n/10.95 Syntax\OT1/cmr/m/n/10.95 : [][]\OT1/cmtt/m/n/10.95 \textc
olor{declared-color}{text}[]\OT1/cmr/m/n/10.95 .
 []


Overfull \hbox (35.3157pt too wide) in paragraph at lines 247--248
[]\OT1/cmr/bx/n/10.95 Syntax\OT1/cmr/m/n/10.95 :[][]\OT1/cmtt/m/n/10.95 \colorb
ox{declared-color}{text} 
 []


Overfull \hbox (41.06439pt too wide) in paragraph at lines 251--252
[]\OT1/cmr/bx/n/10.95 Syntax\OT1/cmr/m/n/10.95 :[][]\OT1/cmtt/m/n/10.95 \fcolor
box{declared-color-frame} 
 []


Overfull \hbox (27.91698pt too wide) in paragraph at lines 255--256
[]\OT1/cmr/bx/n/10.95 Example\OT1/cmr/m/n/10.95 :[][]\OT1/cmtt/m/n/10.95 \fcolo
rbox{red}{blue}{Hello} 
 []


Overfull \hbox (9.61394pt too wide) in paragraph at lines 260--261
[]\OT1/cmr/bx/n/10.95 Syntax\OT1/cmr/m/n/10.95 :[][]\OT1/cmtt/m/n/10.95 \pageco
lor{declared-color}[]\OT1/cmr/m/n/10.95 .
 []

(./HW2.bbl) [4] (./HW2.aux) ) 
Here is how much of TeX's memory you used:
 982 strings out of 492649
 11557 string characters out of 6129622
 78621 words of memory out of 5000000
 4900 multiletter control sequences out of 15000+600000
 11056 words of font info for 40 fonts, out of 8000000 for 9000
 1141 hyphenation exceptions out of 8191
 27i,7n,21p,455b,397s stack positions out of 5000i,500n,10000p,200000b,80000s
</usr/local/texlive/2018/texmf-dist/fonts/type1/pu
blic/amsfonts/cm/cmbx10.pfb></usr/local/texlive/2018/texmf-dist/fonts/type1/pub
lic/amsfonts/cm/cmbx12.pfb></usr/local/texlive/2018/texmf-dist/fonts/type1/publ
ic/amsfonts/cm/cmcsc10.pfb></usr/local/texlive/2018/texmf-dist/fonts/type1/publ
ic/amsfonts/cm/cmex10.pfb></usr/local/texlive/2018/texmf-dist/fonts/type1/publi
c/amsfonts/cm/cmmi10.pfb></usr/local/texlive/2018/texmf-dist/fonts/type1/public
/amsfonts/cm/cmmi8.pfb></usr/local/texlive/2018/texmf-dist/fonts/type1/public/a
msfonts/cm/cmr10.pfb></usr/local/texlive/2018/texmf-dist/fonts/type1/public/ams
fonts/cm/cmr12.pfb></usr/local/texlive/2018/texmf-dist/fonts/type1/public/amsfo
nts/cm/cmr17.pfb></usr/local/texlive/2018/texmf-dist/fonts/type1/public/amsfont
s/cm/cmr6.pfb></usr/local/texlive/2018/texmf-dist/fonts/type1/public/amsfonts/c
m/cmr8.pfb></usr/local/texlive/2018/texmf-dist/fonts/type1/public/amsfonts/cm/c
msy10.pfb></usr/local/texlive/2018/texmf-dist/fonts/type1/public/amsfonts/cm/cm
ti10.pfb></usr/local/texlive/2018/texmf-dist/fonts/type1/public/amsfonts/cm/cmt
t10.pfb>
Output written on HW2.pdf (4 pages, 162329 bytes).
PDF statistics:
 73 PDF objects out of 1000 (max. 8388607)
 52 compressed objects within 1 object stream
 0 named destinations out of 1000 (max. 500000)
 1 words of extra memory for PDF output out of 10000 (max. 10000000)

