This is pdfTeX, Version 3.14159265-2.6-1.40.19 (TeX Live 2018) (preloaded format=pdflatex 2018.10.6)  21 OCT 2018 18:35
entering extended mode
 restricted \write18 enabled.
 %&-line parsing enabled.
**HW3.tex
(./HW3.tex
LaTeX2e <2018-04-01> patch level 2
Babel <3.18> and hyphenation patterns for 84 language(s) loaded.
(/usr/local/texlive/2018/texmf-dist/tex/latex/base/article.cls
Document Class: article 2014/09/29 v1.4h Standard LaTeX document class
(/usr/local/texlive/2018/texmf-dist/tex/latex/base/size11.clo
File: size11.clo 2014/09/29 v1.4h Standard LaTeX file (size option)
)
\c@part=\count80
\c@section=\count81
\c@subsection=\count82
\c@subsubsection=\count83
\c@paragraph=\count84
\c@subparagraph=\count85
\c@figure=\count86
\c@table=\count87
\abovecaptionskip=\skip41
\belowcaptionskip=\skip42
\bibindent=\dimen102
)
(/usr/local/texlive/2018/texmf-dist/tex/latex/preprint/fullpage.sty
Package: fullpage 1999/02/23 1.1 (PWD)
\FP@margin=\skip43
)
(/usr/local/texlive/2018/texmf-dist/tex/latex/amsmath/amsmath.sty
Package: amsmath 2017/09/02 v2.17a AMS math features
\@mathmargin=\skip44

For additional information on amsmath, use the `?' option.
(/usr/local/texlive/2018/texmf-dist/tex/latex/amsmath/amstext.sty
Package: amstext 2000/06/29 v2.01 AMS text

(/usr/local/texlive/2018/texmf-dist/tex/latex/amsmath/amsgen.sty
File: amsgen.sty 1999/11/30 v2.0 generic functions
\@emptytoks=\toks14
\ex@=\dimen103
))
(/usr/local/texlive/2018/texmf-dist/tex/latex/amsmath/amsbsy.sty
Package: amsbsy 1999/11/29 v1.2d Bold Symbols
\pmbraise@=\dimen104
)
(/usr/local/texlive/2018/texmf-dist/tex/latex/amsmath/amsopn.sty
Package: amsopn 2016/03/08 v2.02 operator names
)
\inf@bad=\count88
LaTeX Info: Redefining \frac on input line 213.
\uproot@=\count89
\leftroot@=\count90
LaTeX Info: Redefining \overline on input line 375.
\classnum@=\count91
\DOTSCASE@=\count92
LaTeX Info: Redefining \ldots on input line 472.
LaTeX Info: Redefining \dots on input line 475.
LaTeX Info: Redefining \cdots on input line 596.
\Mathstrutbox@=\box26
\strutbox@=\box27
\big@size=\dimen105
LaTeX Font Info:    Redeclaring font encoding OML on input line 712.
LaTeX Font Info:    Redeclaring font encoding OMS on input line 713.
\macc@depth=\count93
\c@MaxMatrixCols=\count94
\dotsspace@=\muskip10
\c@parentequation=\count95
\dspbrk@lvl=\count96
\tag@help=\toks15
\row@=\count97
\column@=\count98
\maxfields@=\count99
\andhelp@=\toks16
\eqnshift@=\dimen106
\alignsep@=\dimen107
\tagshift@=\dimen108
\tagwidth@=\dimen109
\totwidth@=\dimen110
\lineht@=\dimen111
\@envbody=\toks17
\multlinegap=\skip45
\multlinetaggap=\skip46
\mathdisplay@stack=\toks18
LaTeX Info: Redefining \[ on input line 2817.
LaTeX Info: Redefining \] on input line 2818.
)
(/usr/local/texlive/2018/texmf-dist/tex/latex/url/url.sty
\Urlmuskip=\muskip11
Package: url 2013/09/16  ver 3.4  Verb mode for urls, etc.
) (./HW3.aux)
\openout1 = `HW3.aux'.

LaTeX Font Info:    Checking defaults for OML/cmm/m/it on input line 9.
LaTeX Font Info:    ... okay on input line 9.
LaTeX Font Info:    Checking defaults for T1/cmr/m/n on input line 9.
LaTeX Font Info:    ... okay on input line 9.
LaTeX Font Info:    Checking defaults for OT1/cmr/m/n on input line 9.
LaTeX Font Info:    ... okay on input line 9.
LaTeX Font Info:    Checking defaults for OMS/cmsy/m/n on input line 9.
LaTeX Font Info:    ... okay on input line 9.
LaTeX Font Info:    Checking defaults for OMX/cmex/m/n on input line 9.
LaTeX Font Info:    ... okay on input line 9.
LaTeX Font Info:    Checking defaults for U/cmr/m/n on input line 9.
LaTeX Font Info:    ... okay on input line 9.
LaTeX Font Info:    Try loading font information for OMS+cmr on input line 15.

(/usr/local/texlive/2018/texmf-dist/tex/latex/base/omscmr.fd
File: omscmr.fd 2014/09/29 v2.5h Standard LaTeX font definitions
)
LaTeX Font Info:    Font shape `OMS/cmr/m/n' in size <10.95> not available
(Font)              Font shape `OMS/cmsy/m/n' tried instead on input line 15.

Underfull \hbox (badness 10000) in paragraph at lines 17--18
[]\OT1/cmr/bx/n/10.95 url\OT1/cmr/m/n/10.95 : $\OT1/cmtt/m/n/10.95 https : / / 
ieeexplore . ieee . org /
 []


Underfull \hbox (badness 3557) in paragraph at lines 20--21
[]\OT1/cmr/bx/n/10.95 Name of Editor-in-Chief\OT1/cmr/m/n/10.95 : H. Joel
 []


Underfull \hbox (badness 1448) in paragraph at lines 28--29
[]\OT1/cmr/bx/n/10.95 Page lim-its for sub-mit-ted ar-ti-cles\OT1/cmr/m/n/10.95
 :
 []

[1{/usr/local/texlive/2018/texmf-var/fonts/map/pdftex/updmap/pdftex.map}


]
Underfull \hbox (badness 1478) in paragraph at lines 47--48
[]\OT1/cmr/bx/n/10.95 Name\OT1/cmr/m/n/10.95 : ACM Trans-ac-tions on Par-al-lel

 []


Underfull \hbox (badness 10000) in paragraph at lines 80--82
[]$[]$
 []


Underfull \hbox (badness 10000) in paragraph at lines 87--89
[]$[]$
 []


Underfull \hbox (badness 1048) in paragraph at lines 90--91
\OT1/cmr/m/n/10.95 also too broad for the av-er-age
 []

[2]
Underfull \hbox (badness 10000) in paragraph at lines 93--96
[]$[]$
 []


Underfull \hbox (badness 10000) in paragraph at lines 93--96
[]$
 []


Overfull \hbox (1.8979pt too wide) in paragraph at lines 93--96
[]$ 
 []


Underfull \hbox (badness 10000) in paragraph at lines 104--108
[]$[]$
 []


Underfull \hbox (badness 10000) in paragraph at lines 104--108
[]$
 []


Underfull \hbox (badness 10000) in paragraph at lines 104--108
[]$
 []


Underfull \hbox (badness 10000) in paragraph at lines 112--115
[]$[]$
 []


Underfull \hbox (badness 10000) in paragraph at lines 112--115
[]$
 []


Overfull \hbox (15.54878pt too wide) in paragraph at lines 119--122
[]$[]$
 []


Underfull \hbox (badness 10000) in paragraph at lines 119--122
[]$
 []

(./HW3.bbl
Underfull \hbox (badness 2799) in paragraph at lines 15--18
\OT1/cmr/m/n/10.95 flow based op-ti-miza-tions for dis-tributed
 []


Underfull \hbox (badness 2165) in paragraph at lines 20--24
[]\OT1/cmr/m/n/10.95 Shenoda Guir-guis, Mo-hamed A. Sharaf,
 []


Underfull \hbox (badness 4001) in paragraph at lines 20--24
\OT1/cmr/m/n/10.95 Panos K. Chrysan-this, and Alexan-dros
 []

[3]) [4

] (./HW3.aux) ) 
Here is how much of TeX's memory you used:
 971 strings out of 492649
 11197 string characters out of 6129622
 78621 words of memory out of 5000000
 4895 multiletter control sequences out of 15000+600000
 9877 words of font info for 36 fonts, out of 8000000 for 9000
 1141 hyphenation exceptions out of 8191
 27i,7n,21p,659b,312s stack positions out of 5000i,500n,10000p,200000b,80000s
</usr/local/texlive/2018/texmf-dist/fonts/type1/public/amsfonts/
cm/cmbx10.pfb></usr/local/texlive/2018/texmf-dist/fonts/type1/public/amsfonts/c
m/cmbx12.pfb></usr/local/texlive/2018/texmf-dist/fonts/type1/public/amsfonts/cm
/cmr10.pfb></usr/local/texlive/2018/texmf-dist/fonts/type1/public/amsfonts/cm/c
mr12.pfb></usr/local/texlive/2018/texmf-dist/fonts/type1/public/amsfonts/cm/cmr
17.pfb></usr/local/texlive/2018/texmf-dist/fonts/type1/public/amsfonts/cm/cmr8.
pfb></usr/local/texlive/2018/texmf-dist/fonts/type1/public/amsfonts/cm/cmsy10.p
fb></usr/local/texlive/2018/texmf-dist/fonts/type1/public/amsfonts/cm/cmtt10.pf
b>
Output written on HW3.pdf (4 pages, 112326 bytes).
PDF statistics:
 49 PDF objects out of 1000 (max. 8388607)
 34 compressed objects within 1 object stream
 0 named destinations out of 1000 (max. 500000)
 1 words of extra memory for PDF output out of 10000 (max. 10000000)

